TN:
SF:src\components\Board\utils.ts
FN:7,(anonymous_7)
FN:11,(anonymous_8)
FN:18,(anonymous_9)
FN:24,(anonymous_10)
FN:25,(anonymous_11)
FN:29,(anonymous_12)
FN:35,(anonymous_13)
FN:41,(anonymous_14)
FNF:8
FNH:7
FNDA:2,(anonymous_7)
FNDA:2,(anonymous_8)
FNDA:1,(anonymous_9)
FNDA:3,(anonymous_10)
FNDA:0,(anonymous_11)
FNDA:2,(anonymous_12)
FNDA:2,(anonymous_13)
FNDA:2,(anonymous_14)
DA:3,1
DA:4,1
DA:7,1
DA:11,2
DA:12,2
DA:14,2
DA:15,1
DA:18,1
DA:19,1
DA:21,1
DA:23,1
DA:24,3
DA:25,0
DA:27,1
DA:29,2
DA:35,1
DA:36,2
DA:40,1
DA:41,2
LF:19
LH:18
BRDA:14,0,0,1
BRDA:14,1,0,2
BRDA:14,1,1,2
BRDA:14,1,2,1
BRDA:19,2,0,0
BRDA:24,3,0,3
BRDA:24,3,1,1
BRDA:25,4,0,0
BRDA:25,4,1,0
BRDA:25,5,0,0
BRDA:25,5,1,0
BRDA:25,6,0,0
BRDA:25,6,1,0
BRDA:25,7,0,0
BRDA:25,7,1,0
BRF:15
BRH:6
end_of_record
TN:
SF:src\services\mockApi.ts
FN:30,(anonymous_7)
FN:69,(anonymous_8)
FN:69,(anonymous_9)
FN:72,(anonymous_10)
FN:72,(anonymous_11)
FN:77,(anonymous_12)
FN:77,(anonymous_13)
FN:96,(anonymous_14)
FNF:8
FNH:8
FNDA:3,(anonymous_7)
FNDA:17,(anonymous_8)
FNDA:17,(anonymous_9)
FNDA:11,(anonymous_10)
FNDA:11,(anonymous_11)
FNDA:6,(anonymous_12)
FNDA:6,(anonymous_13)
FNDA:11,(anonymous_14)
DA:1,3
DA:3,3
DA:28,3
DA:30,3
DA:31,3
DA:36,3
DA:38,3
DA:39,225
DA:40,225
DA:43,225
DA:44,225
DA:51,225
DA:62,225
DA:63,225
DA:66,3
DA:69,17
DA:71,3
DA:72,11
DA:73,11
DA:74,11
DA:77,6
DA:78,6
DA:80,6
DA:81,6
DA:82,1
DA:85,5
DA:91,5
DA:92,5
DA:97,11
DA:98,11
DA:99,3
DA:102,8
DA:108,8
DA:109,8
DA:114,3
LF:35
LH:35
BRDA:44,0,0,63
BRDA:44,0,1,162
BRDA:81,1,0,1
BRDA:98,2,0,3
BRF:4
BRH:4
end_of_record
TN:
SF:src\services\mockWebSocket.ts
FN:4,(anonymous_7)
FN:17,(anonymous_8)
FN:22,(anonymous_9)
FN:23,(anonymous_10)
FN:24,(anonymous_11)
FN:32,(anonymous_12)
FN:40,(anonymous_13)
FN:42,(anonymous_14)
FN:43,(anonymous_15)
FN:47,(anonymous_16)
FN:68,(anonymous_17)
FN:73,(anonymous_18)
FN:79,(anonymous_19)
FN:84,(anonymous_20)
FN:89,(anonymous_21)
FN:89,(anonymous_22)
FN:94,(anonymous_23)
FN:94,(anonymous_24)
FN:106,(anonymous_25)
FNF:19
FNH:17
FNDA:1,(anonymous_7)
FNDA:1,(anonymous_8)
FNDA:10,(anonymous_9)
FNDA:10,(anonymous_10)
FNDA:10,(anonymous_11)
FNDA:13,(anonymous_12)
FNDA:8,(anonymous_13)
FNDA:1,(anonymous_14)
FNDA:5,(anonymous_15)
FNDA:9,(anonymous_16)
FNDA:43,(anonymous_17)
FNDA:9,(anonymous_18)
FNDA:7,(anonymous_19)
FNDA:10,(anonymous_20)
FNDA:2,(anonymous_21)
FNDA:2,(anonymous_22)
FNDA:0,(anonymous_23)
FNDA:0,(anonymous_24)
FNDA:2,(anonymous_25)
DA:2,1
DA:4,1
DA:5,1
DA:6,1
DA:7,1
DA:18,1
DA:19,1
DA:20,1
DA:23,10
DA:24,10
DA:25,10
DA:26,10
DA:27,10
DA:33,13
DA:34,13
DA:35,1
DA:36,1
DA:41,8
DA:42,8
DA:43,5
DA:48,9
DA:51,9
DA:55,9
DA:56,9
DA:61,2
DA:68,9
DA:69,43
DA:74,9
DA:75,2
DA:76,2
DA:79,7
DA:80,7
DA:86,10
DA:87,10
DA:89,10
DA:90,2
DA:93,2
DA:94,1
DA:95,0
DA:101,10
DA:102,0
DA:107,2
DA:109,2
DA:110,2
DA:113,2
DA:114,2
DA:117,2
DA:123,2
DA:128,0
DA:133,1
LF:50
LH:47
BRDA:4,0,0,1
BRDA:4,0,1,1
BRDA:34,1,0,1
BRDA:48,2,0,0
BRDA:51,3,0,9
BRDA:52,4,0,9
BRDA:52,4,1,9
BRDA:74,5,0,2
BRDA:93,6,0,1
BRDA:101,7,0,0
BRDA:101,8,0,10
BRDA:101,8,1,0
BRDA:107,9,0,0
BRDA:114,10,0,0
BRF:14
BRH:9
end_of_record
TN:
SF:src\services\taskService.ts
FN:5,(anonymous_0)
FN:10,(anonymous_1)
FNF:2
FNH:1
FNDA:0,(anonymous_0)
FNDA:2,(anonymous_1)
DA:1,1
DA:5,1
DA:6,0
DA:10,1
DA:14,2
LF:5
LH:4
BRF:0
BRH:0
end_of_record
TN:
SF:src\types\task.ts
FN:1,(anonymous_0)
FNF:1
FNH:1
FNDA:3,(anonymous_0)
DA:1,3
DA:2,3
DA:3,3
DA:4,3
LF:4
LH:4
BRDA:1,0,0,3
BRDA:1,0,1,3
BRF:2
BRH:2
end_of_record
